<!DOCTYPE html PUBLIC "-//W3C//DTD XHTML 1.1//EN" "https://www.w3.org/TR/xhtml11/DTD/xhtml11.dtd">
<html xmlns="https://www.w3.org/1999/xhtml">
<head>
<meta charset='utf-8'>
<title>TestNG Report</title>
<style type="text/css">
table {margin-bottom:10px;border-collapse:collapse;empty-cells:show}
td,th {border:1px solid #009;padding:.25em .5em}
.result th {vertical-align:bottom}
.param th {padding-left:1em;padding-right:1em}
.param td {padding-left:.5em;padding-right:2em}
.stripe td,.stripe th {background-color: #E6EBF9}
.numi,.numi_attn {text-align:right}
.total td {font-weight:bold}
.passedodd td {background-color: #0A0}
.passedeven td {background-color: #3F3}
.skippedodd td {background-color: #CCC}
.skippedodd td {background-color: #DDD}
.failedodd td,.numi_attn {background-color: #F33}
.failedeven td,.stripe .numi_attn {background-color: #D00}
.stacktrace {white-space:pre;font-family:monospace}
.totop {font-size:85%;text-align:center;border-bottom:2px solid #000}
</style>
</head>
<body>
<table cellspacing="0" cellpadding="0" class="testOverview">
<tr><th>Test</th><th>Methods<br/>Passed</th><th>Scenarios<br/>Passed</th><th># skipped</th><th># failed</th><th>Total<br/>Time</th><th>Included<br/>Groups</th><th>Excluded<br/>Groups</th></tr>
<tr><td style="text-align:left;padding-right:2em"><a href="#t1">TestFire API</a></td><td class="numi">0</td><td class="numi">0</td><td class="numi_attn">9</td><td class="numi_attn">1</td><td class="numi">4.2 seconds</td><td class="numi"></td><td class="numi"></td></tr>
</table>
<table cellspacing="0" cellpadding="0" class="methodOverview" id="summary">
<tr><th>Class</th><th>Method</th><th># of<br/>Scenarios</th><th>Start</th><th>Time<br/>(ms)</th></tr>
<tr id="t1"><th colspan="5">TestFire API &#8212; failed</th></tr>
<tr class="failedodd"><td>api.test.TestFireTest</td><td><a href="#m1"><b>createToken</b>  </a></td><td class="numi">1</td><td>1685080017811</td><td class="numi">4131</td></tr>
<tr><th colspan="5">TestFire API &#8212; skipped</th></tr>
<tr class="skippedodd"><td rowspan="9">api.test.TestFireTest</td><td><a href="#m2"><b>verifyAccountWithInvalidAccountDetails</b>  </a></td><td class="numi">1</td><td>1685080021960</td><td class="numi">0</td></tr><tr class="skippedodd"><td><a href="#m3"><b>getCheckingAccountDetails</b>  </a></td><td class="numi">1</td><td>1685080021958</td><td class="numi">0</td></tr><tr class="skippedodd"><td><a href="#m4"><b>listUserAccounts</b>  </a></td><td class="numi">1</td><td>1685080021958</td><td class="numi">0</td></tr><tr class="skippedodd"><td><a href="#m5"><b>verifyLoginWithInvalidCredentials</b>  </a></td><td class="numi">1</td><td>1685080021961</td><td class="numi">0</td></tr><tr class="skippedodd"><td><a href="#m6"><b>getSavingsAccountDetails</b>  </a></td><td class="numi">1</td><td>1685080021959</td><td class="numi">0</td></tr><tr class="skippedodd"><td><a href="#m7"><b>logout</b>  </a></td><td class="numi">1</td><td>1685080021962</td><td class="numi">0</td></tr><tr class="skippedodd"><td><a href="#m8"><b>transferFunds</b>  </a></td><td class="numi">1</td><td>1685080021960</td><td class="numi">0</td></tr><tr class="skippedodd"><td><a href="#m9"><b>verifyLogin</b>  </a></td><td class="numi">1</td><td>1685080021956</td><td class="numi">1</td></tr><tr class="skippedodd"><td><a href="#m10"><b>getCreditCardAccountDetails</b>  </a></td><td class="numi">1</td><td>1685080021959</td><td class="numi">0</td></tr>
</table>
<h1>TestFire API</h1>
<h2 id="m1">api.test.TestFireTest:createToken</h2>
<div>
<div class="stacktrace">io.restassured.path.json.exception.JsonPathException: Failed to parse the JSON document
	at io.restassured.path.json.JsonPath$ExceptionCatcher.invoke(JsonPath.java:1002)
	at io.restassured.path.json.JsonPath$4.doParseWith(JsonPath.java:967)
	at io.restassured.path.json.JsonPath$JsonParser.parseWith(JsonPath.java:1047)
	at io.restassured.path.json.JsonPath.get(JsonPath.java:202)
	at io.restassured.path.json.JsonPath.getString(JsonPath.java:352)
	at api.endpoints.TestFireEndpoints.createToken(TestFireEndpoints.java:43)
	at api.test.TestFireTest.createToken(TestFireTest.java:12)
	at java.base/java.util.ArrayList.forEach(ArrayList.java:1511)
	at com.intellij.rt.testng.IDEARemoteTestNG.run(IDEARemoteTestNG.java:66)
	at com.intellij.rt.testng.RemoteTestNGStarter.main(RemoteTestNGStarter.java:105)
Caused by: groovy.json.JsonException: Lexing failed on line: 8, column: 1, while reading &apos;&lt;&apos;, no possible valid JSON value or punctuation could be recognized.
	at groovy.json.JsonLexer.nextToken(JsonLexer.java:86)
	at groovy.json.JsonLexer$nextToken.call(Unknown Source)
	at org.codehaus.groovy.runtime.callsite.CallSiteArray.defaultCall(CallSiteArray.java:45)
	at org.codehaus.groovy.runtime.callsite.AbstractCallSite.call(AbstractCallSite.java:125)
	at org.codehaus.groovy.runtime.callsite.AbstractCallSite.call(AbstractCallSite.java:130)
	at io.restassured.internal.path.json.ConfigurableJsonSlurper.parse(ConfigurableJsonSlurper.groovy:97)
	at io.restassured.internal.path.json.ConfigurableJsonSlurper$parse.callCurrent(Unknown Source)
	at org.codehaus.groovy.runtime.callsite.CallSiteArray.defaultCallCurrent(CallSiteArray.java:49)
	at org.codehaus.groovy.runtime.callsite.AbstractCallSite.callCurrent(AbstractCallSite.java:171)
	at org.codehaus.groovy.runtime.callsite.AbstractCallSite.callCurrent(AbstractCallSite.java:185)
	at io.restassured.internal.path.json.ConfigurableJsonSlurper.parseText(ConfigurableJsonSlurper.groovy:83)
	at io.restassured.path.json.JsonPath$4$1.method(JsonPath.java:965)
	at io.restassured.path.json.JsonPath$ExceptionCatcher.invoke(JsonPath.java:1000)
	... 31 more
... Removed 22 stack frames</div>
</div>
<p class="totop"><a href="#summary">back to summary</a></p>
<h2 id="m2">api.test.TestFireTest:listUserAccounts</h2>
<div>
<div class="stacktrace">java.lang.Throwable: Method api.test.TestFireTest.listUserAccounts() on instance api.test.TestFireTest@6b4a4e18 depends on not successfully finished methods 
[api.test.TestFireTest.verifyLogin() on instance api.test.TestFireTest@6b4a4e18]
	at java.base/java.util.ArrayList.forEach(ArrayList.java:1511)
	at com.intellij.rt.testng.IDEARemoteTestNG.run(IDEARemoteTestNG.java:66)
	at com.intellij.rt.testng.RemoteTestNGStarter.main(RemoteTestNGStarter.java:105)
... Removed 15 stack frames</div>
</div>
<p class="totop"><a href="#summary">back to summary</a></p>
<h2 id="m3">api.test.TestFireTest:verifyLoginWithInvalidCredentials</h2>
<div>
<div class="stacktrace">java.lang.Throwable: Method api.test.TestFireTest.verifyLoginWithInvalidCredentials() on instance api.test.TestFireTest@6b4a4e18 depends on not successfully finished methods 
[api.test.TestFireTest.createToken() on instance api.test.TestFireTest@6b4a4e18]
	at java.base/java.util.ArrayList.forEach(ArrayList.java:1511)
	at com.intellij.rt.testng.IDEARemoteTestNG.run(IDEARemoteTestNG.java:66)
	at com.intellij.rt.testng.RemoteTestNGStarter.main(RemoteTestNGStarter.java:105)
... Removed 15 stack frames</div>
</div>
<p class="totop"><a href="#summary">back to summary</a></p>
<h2 id="m4">api.test.TestFireTest:getSavingsAccountDetails</h2>
<div>
<div class="stacktrace">java.lang.Throwable: Method api.test.TestFireTest.getSavingsAccountDetails() on instance api.test.TestFireTest@6b4a4e18 depends on not successfully finished methods 
[api.test.TestFireTest.listUserAccounts() on instance api.test.TestFireTest@6b4a4e18]
	at java.base/java.util.ArrayList.forEach(ArrayList.java:1511)
	at com.intellij.rt.testng.IDEARemoteTestNG.run(IDEARemoteTestNG.java:66)
	at com.intellij.rt.testng.RemoteTestNGStarter.main(RemoteTestNGStarter.java:105)
... Removed 15 stack frames</div>
</div>
<p class="totop"><a href="#summary">back to summary</a></p>
<h2 id="m5">api.test.TestFireTest:verifyAccountWithInvalidAccountDetails</h2>
<div>
<div class="stacktrace">java.lang.Throwable: Method api.test.TestFireTest.verifyAccountWithInvalidAccountDetails() on instance api.test.TestFireTest@6b4a4e18 depends on not successfully finished methods 
[api.test.TestFireTest.createToken() on instance api.test.TestFireTest@6b4a4e18]
	at java.base/java.util.ArrayList.forEach(ArrayList.java:1511)
	at com.intellij.rt.testng.IDEARemoteTestNG.run(IDEARemoteTestNG.java:66)
	at com.intellij.rt.testng.RemoteTestNGStarter.main(RemoteTestNGStarter.java:105)
... Removed 15 stack frames</div>
</div>
<p class="totop"><a href="#summary">back to summary</a></p>
<h2 id="m6">api.test.TestFireTest:logout</h2>
<div>
<div class="stacktrace">java.lang.Throwable: Method api.test.TestFireTest.logout() on instance api.test.TestFireTest@6b4a4e18 depends on not successfully finished methods 
[api.test.TestFireTest.verifyLogin() on instance api.test.TestFireTest@6b4a4e18]
	at java.base/java.util.ArrayList.forEach(ArrayList.java:1511)
	at com.intellij.rt.testng.IDEARemoteTestNG.run(IDEARemoteTestNG.java:66)
	at com.intellij.rt.testng.RemoteTestNGStarter.main(RemoteTestNGStarter.java:105)
... Removed 15 stack frames</div>
</div>
<p class="totop"><a href="#summary">back to summary</a></p>
<h2 id="m7">api.test.TestFireTest:transferFunds</h2>
<div>
<div class="stacktrace">java.lang.Throwable: Method api.test.TestFireTest.transferFunds() on instance api.test.TestFireTest@6b4a4e18 depends on not successfully finished methods 
[api.test.TestFireTest.verifyLogin() on instance api.test.TestFireTest@6b4a4e18]
	at java.base/java.util.ArrayList.forEach(ArrayList.java:1511)
	at com.intellij.rt.testng.IDEARemoteTestNG.run(IDEARemoteTestNG.java:66)
	at com.intellij.rt.testng.RemoteTestNGStarter.main(RemoteTestNGStarter.java:105)
... Removed 15 stack frames</div>
</div>
<p class="totop"><a href="#summary">back to summary</a></p>
<h2 id="m8">api.test.TestFireTest:getCheckingAccountDetails</h2>
<div>
<div class="stacktrace">java.lang.Throwable: Method api.test.TestFireTest.getCheckingAccountDetails() on instance api.test.TestFireTest@6b4a4e18 depends on not successfully finished methods 
[api.test.TestFireTest.listUserAccounts() on instance api.test.TestFireTest@6b4a4e18]
	at java.base/java.util.ArrayList.forEach(ArrayList.java:1511)
	at com.intellij.rt.testng.IDEARemoteTestNG.run(IDEARemoteTestNG.java:66)
	at com.intellij.rt.testng.RemoteTestNGStarter.main(RemoteTestNGStarter.java:105)
... Removed 15 stack frames</div>
</div>
<p class="totop"><a href="#summary">back to summary</a></p>
<h2 id="m9">api.test.TestFireTest:verifyLogin</h2>
<div>
<div class="stacktrace">java.lang.Throwable: Method api.test.TestFireTest.verifyLogin() on instance api.test.TestFireTest@6b4a4e18 depends on not successfully finished methods 
[api.test.TestFireTest.createToken() on instance api.test.TestFireTest@6b4a4e18]
	at java.base/java.util.ArrayList.forEach(ArrayList.java:1511)
	at com.intellij.rt.testng.IDEARemoteTestNG.run(IDEARemoteTestNG.java:66)
	at com.intellij.rt.testng.RemoteTestNGStarter.main(RemoteTestNGStarter.java:105)
... Removed 15 stack frames</div>
</div>
<p class="totop"><a href="#summary">back to summary</a></p>
<h2 id="m10">api.test.TestFireTest:getCreditCardAccountDetails</h2>
<div>
<div class="stacktrace">java.lang.Throwable: Method api.test.TestFireTest.getCreditCardAccountDetails() on instance api.test.TestFireTest@6b4a4e18 depends on not successfully finished methods 
[api.test.TestFireTest.listUserAccounts() on instance api.test.TestFireTest@6b4a4e18]
	at java.base/java.util.ArrayList.forEach(ArrayList.java:1511)
	at com.intellij.rt.testng.IDEARemoteTestNG.run(IDEARemoteTestNG.java:66)
	at com.intellij.rt.testng.RemoteTestNGStarter.main(RemoteTestNGStarter.java:105)
... Removed 15 stack frames</div>
</div>
<p class="totop"><a href="#summary">back to summary</a></p>
</body></html>
